<?xml version="1.0" encoding="UTF-8"?>
<!-- Generated by org.testng.reporters.JUnitReportReporter -->
<testsuite skipped="0" hostname="LAPTOP-JF65BFTU" name="TestSuitePackage.TestSuite" tests="2" failures="0" timestamp="7 Oct 2021 09:16:49 GMT" time="12.331" errors="0">
  <testcase name="RESTServices" time="10.310" classname="TestSuitePackage.TestSuite"/>
  <testcase name="SOAPServices" time="2.021" classname="TestSuitePackage.TestSuite"/>
</testsuite> <!-- TestSuitePackage.TestSuite -->
