<?xml version="1.0" encoding="UTF-8"?>
<!-- Generated by org.testng.reporters.JUnitReportReporter -->
<testsuite skipped="0" hostname="LAPTOP-JF65BFTU" name="APIRESTPackage.POSTRequest" tests="1" failures="0" timestamp="6 Oct 2021 06:56:41 GMT" time="3.601" errors="0">
  <testcase name="PostRequest" time="3.601" classname="APIRESTPackage.POSTRequest"/>
</testsuite> <!-- APIRESTPackage.POSTRequest -->
