<?xml version="1.0" encoding="UTF-8"?>
<!-- Generated by org.testng.reporters.JUnitReportReporter -->
<testsuite skipped="0" hostname="LAPTOP-JF65BFTU" name="APIRESTPackage.PUTRequest" tests="1" failures="0" timestamp="7 Oct 2021 05:57:10 GMT" time="3.004" errors="0">
  <testcase name="PostRequest" time="3.004" classname="APIRESTPackage.PUTRequest"/>
</testsuite> <!-- APIRESTPackage.PUTRequest -->
