<?xml version="1.0" encoding="UTF-8"?>
<!-- Generated by org.testng.reporters.JUnitReportReporter -->
<testsuite skipped="0" hostname="LAPTOP-JF65BFTU" name="APISOAPPackage.SOAPAddCalculator" tests="1" failures="0" timestamp="7 Oct 2021 06:47:59 GMT" time="2.972" errors="0">
  <testcase name="SOAPAddCalc" time="2.972" classname="APISOAPPackage.SOAPAddCalculator"/>
</testsuite> <!-- APISOAPPackage.SOAPAddCalculator -->
