<?xml version="1.0" encoding="UTF-8"?>
<!-- Generated by org.testng.reporters.JUnitReportReporter -->
<testsuite skipped="0" hostname="LAPTOP-JF65BFTU" name="APISOAPPackage.SOAPSubCalculator" tests="1" failures="0" timestamp="7 Oct 2021 06:52:59 GMT" time="3.195" errors="0">
  <testcase name="SOAPSubCalc" time="3.195" classname="APISOAPPackage.SOAPSubCalculator"/>
</testsuite> <!-- APISOAPPackage.SOAPSubCalculator -->
