<?xml version="1.0" encoding="UTF-8"?>
<!-- Generated by org.testng.reporters.JUnitReportReporter -->
<testsuite skipped="0" hostname="LAPTOP-JF65BFTU" name="APIRESTPackage.GETRequest" tests="1" failures="0" timestamp="6 Oct 2021 06:43:01 GMT" time="3.376" errors="0">
  <testcase name="getRequest" time="3.376" classname="APIRESTPackage.GETRequest"/>
</testsuite> <!-- APIRESTPackage.GETRequest -->
