<?xml version="1.0" encoding="UTF-8"?>
<!-- Generated by org.testng.reporters.JUnitReportReporter -->
<testsuite skipped="0" hostname="LAPTOP-JF65BFTU" name="APIRESTPackage.GETRequest" tests="1" failures="0" timestamp="7 Oct 2021 05:53:08 GMT" time="4.881" errors="0">
  <testcase name="getRequest" time="4.881" classname="APIRESTPackage.GETRequest"/>
</testsuite> <!-- APIRESTPackage.GETRequest -->
