<?xml version="1.0" encoding="UTF-8"?>
<!-- Generated by org.testng.reporters.JUnitReportReporter -->
<testsuite skipped="0" hostname="LAPTOP-JF65BFTU" name="APIRESTPackage.DELETERequest" tests="1" failures="0" timestamp="7 Oct 2021 06:18:37 GMT" time="3.881" errors="0">
  <testcase name="DeleteRequest" time="3.881" classname="APIRESTPackage.DELETERequest"/>
</testsuite> <!-- APIRESTPackage.DELETERequest -->
