<?xml version="1.0" encoding="UTF-8"?>
<!-- Generated by org.testng.reporters.JUnitReportReporter -->
<testsuite skipped="0" hostname="LAPTOP-JF65BFTU" name="TestSuitePackage.TestSuite" tests="2" failures="0" timestamp="7 Oct 2021 07:00:58 GMT" time="10.670" errors="0">
  <testcase name="SOAPServices" time="2.179" classname="TestSuitePackage.TestSuite"/>
  <testcase name="RESTServices" time="8.491" classname="TestSuitePackage.TestSuite"/>
</testsuite> <!-- TestSuitePackage.TestSuite -->
